<?xml version="1.0" encoding="UTF-8"?>
<!-- Generated by org.testng.reporters.JUnitReportReporter -->
<testsuite hostname="DESKTOP-15S6U3P" failures="0" tests="3" name="testLayer.LoginTest" time="50.500" errors="0" timestamp="2022-11-25T12:10:16 EST" skipped="0">
  <testcase classname="testLayer.LoginTest" name="Login" time="26.928"/>
  <system-out/>
  <testcase classname="testLayer.LoginTest" name="Login" time="10.780"/>
  <system-out/>
  <testcase classname="testLayer.LoginTest" name="Login" time="12.792"/>
  <system-out/>
</testsuite> <!-- testLayer.LoginTest -->
